(-32, 25) : (-113, -27) -> 96.255
(143, -65) : (-131, -49) -> 274.467
(22, 65) : (111, -29) -> 129.449
(-23, 98) : (-76, -122) -> 226.294
(60, 72) : (-37, -96) -> 193.992
(-113, -71) : (57, -78) -> 170.144
(38, -146) : (114, 148) -> 303.664
(61, 125) : (-17, 79) -> 90.554
(15, -148) : (-70, -115) -> 91.181
(149, 52) : (-14, 10) -> 168.324
(113, 84) : (97, 108) -> 28.844
(-14, -4) : (128, -73) -> 157.877
(117, 83) : (-26, -53) -> 197.345
(-83, -82) : (126, -79) -> 209.022
(98, 149) : (56, 20) -> 135.665
(-2, -15) : (130, -83) -> 148.486
(141, 17) : (-135, 103) -> 289.088
(132, -20) : (-1, 24) -> 140.089
(-81, 84) : (3, -26) -> 138.405
(-102, 14) : (41, -35) -> 151.162
(-102, 14) : (41, -35) -> 151.162
