  main.cpp
C:\Users\cooki\source\repos\Project2\Project2\Header.h(6,19): error C3646: 'vOffice': unknown override specifier
C:\Users\cooki\source\repos\Project2\Project2\Header.h(6,19): error C4430: missing type specifier - int assumed. Note: C++ does not support default-int
C:\Users\cooki\source\repos\Project2\Project2\Header.h(7,25): error C3646: 'canidiateName': unknown override specifier
C:\Users\cooki\source\repos\Project2\Project2\Header.h(7,25): error C4430: missing type specifier - int assumed. Note: C++ does not support default-int
C:\Users\cooki\source\repos\Project2\Project2\Header.h(10,9): error C2061: syntax error: identifier 'string'
C:\Users\cooki\source\repos\Project2\Project2\Header.h(14,19): error C3646: 'voterID': unknown override specifier
C:\Users\cooki\source\repos\Project2\Project2\Header.h(14,19): error C4430: missing type specifier - int assumed. Note: C++ does not support default-int
C:\Users\cooki\source\repos\Project2\Project2\Header.h(19,11): error C2061: syntax error: identifier 'string'
C:\Users\cooki\source\repos\Project2\Project2\Header.h(19,11): error C2535: 'Ballot::Ballot(void)': member function already defined or declared
C:\Users\cooki\source\repos\Project2\Project2\Header.h(18): message : see declaration of 'Ballot::Ballot'
C:\Users\cooki\source\repos\Project2\Project2\main.cpp(7,76): error C2511: 'Vote::Vote(std::string,std::string,bool)': overloaded member function not found in 'Vote'
C:\Users\cooki\source\repos\Project2\Project2\Header.h(4): message : see declaration of 'Vote'
C:\Users\cooki\source\repos\Project2\Project2\main.cpp(11,5): error C2065: 'vOffice': undeclared identifier
C:\Users\cooki\source\repos\Project2\Project2\main.cpp(15,5): error C2065: 'canidiateName': undeclared identifier
C:\Users\cooki\source\repos\Project2\Project2\main.cpp(16,5): error C2597: illegal reference to non-static member 'Vote::voteMadeInPerson'
C:\Users\cooki\source\repos\Project2\Project2\Header.h(8): message : see declaration of 'Vote::voteMadeInPerson'
C:\Users\cooki\source\repos\Project2\Project2\main.cpp(19,33): error C2511: 'Ballot::Ballot(std::string)': overloaded member function not found in 'Ballot'
C:\Users\cooki\source\repos\Project2\Project2\Header.h(12): message : see declaration of 'Ballot'
C:\Users\cooki\source\repos\Project2\Project2\main.cpp(20,5): error C2065: 'voterID': undeclared identifier
C:\Users\cooki\source\repos\Project2\Project2\main.cpp(21,5): error C2597: illegal reference to non-static member 'Ballot::votesStored'
C:\Users\cooki\source\repos\Project2\Project2\Header.h(15): message : see declaration of 'Ballot::votesStored'
C:\Users\cooki\source\repos\Project2\Project2\main.cpp(24,5): error C2065: 'voterID': undeclared identifier
  Source.cpp
C:\Users\cooki\source\repos\Project2\Project2\Header.h(6,19): error C3646: 'vOffice': unknown override specifier
C:\Users\cooki\source\repos\Project2\Project2\Header.h(6,19): error C4430: missing type specifier - int assumed. Note: C++ does not support default-int
C:\Users\cooki\source\repos\Project2\Project2\Header.h(7,25): error C3646: 'canidiateName': unknown override specifier
C:\Users\cooki\source\repos\Project2\Project2\Header.h(7,25): error C4430: missing type specifier - int assumed. Note: C++ does not support default-int
C:\Users\cooki\source\repos\Project2\Project2\Header.h(10,9): error C2061: syntax error: identifier 'string'
C:\Users\cooki\source\repos\Project2\Project2\Header.h(14,19): error C3646: 'voterID': unknown override specifier
C:\Users\cooki\source\repos\Project2\Project2\Header.h(14,19): error C4430: missing type specifier - int assumed. Note: C++ does not support default-int
C:\Users\cooki\source\repos\Project2\Project2\Header.h(19,11): error C2061: syntax error: identifier 'string'
C:\Users\cooki\source\repos\Project2\Project2\Header.h(19,11): error C2535: 'Ballot::Ballot(void)': member function already defined or declared
C:\Users\cooki\source\repos\Project2\Project2\Header.h(18): message : see declaration of 'Ballot::Ballot'
C:\Users\cooki\source\repos\Project2\Project2\Source.cpp(5,32): error C2664: 'Ballot::Ballot(const Ballot &)': cannot convert argument 1 from 'const char [10]' to 'const Ballot &'
C:\Users\cooki\source\repos\Project2\Project2\Source.cpp(5,32): message : Reason: cannot convert from 'const char [10]' to 'const Ballot'
C:\Users\cooki\source\repos\Project2\Project2\Source.cpp(5,32): message : No constructor could take the source type, or constructor overload resolution was ambiguous
C:\Users\cooki\source\repos\Project2\Project2\Header.h(22,1): message : see declaration of 'Ballot::Ballot'
  Generating Code...
